        -:    0:Source:colors.c
        -:    0:Graph:colors.gcno
        -:    0:Data:colors.gcda
        -:    0:Runs:12
        -:    1:#include "colors.h"
        -:    2:
        -:    3:#include <stdio.h>
        -:    4:#include <unistd.h>
        -:    5:
        -:    6:#include <math.h>
        -:    7:#include <time.h>
        -:    8:
        -:    9:/************ COLORS_FULL ************/
 81694855:   10:colors_t colors_full (const size_t size) {
 80905947:   11:  return (size >= MAX_COLORS) ? -1ULL : (1ULL << size) - 1;
        -:   12:}
        -:   13:
        -:   14:/************ COLORS_EMPTY ************/
    #####:   15:colors_t colors_empty (void) { return 0; }
        -:   16:
        -:   17:/************ COLORS_SET ************/
478147413*:   18:colors_t colors_set (const size_t color_id) {
478147413*:   19:  return (color_id >= MAX_COLORS) ? 0 : (1ULL << color_id);
        -:   20:}
        -:   21:
        -:   22:/************ COLORS_ADD ************/
176900663*:   23:colors_t colors_add (const colors_t colors, const size_t color_id) {
    #####:   24:  return colors | colors_set (color_id);
        -:   25:}
        -:   26:
        -:   27:/************ COLORS_DISCARD ************/
    #####:   28:colors_t colors_discard (const colors_t colors, const size_t color_id) {
    #####:   29:  return (colors & ~colors_set (color_id));
        -:   30:}
        -:   31:
        -:   32:/************ COLORS_IS_IN ************/
301191099:   33:bool colors_is_in (const colors_t colors, const size_t color_id) {
122465386:   34:  return ((colors & colors_set (color_id)) != 0);
        -:   35:}
        -:   36:
        -:   37:/************ COLORS_NEGATE ************/
    #####:   38:colors_t colors_negate (const colors_t colors) { return ~colors; }
        -:   39:
        -:   40:/************ COLORS_AND ************/
20371488522*:   41:colors_t colors_and (const colors_t colors1, const colors_t colors2) {
20371488522*:   42:  return colors1 & colors2;
        -:   43:}
        -:   44:
        -:   45:/************ COLORS_OR ************/
1148466409*:   46:colors_t colors_or (const colors_t colors1, const colors_t colors2) {
1148466409*:   47:  return colors1 | colors2;
        -:   48:}
        -:   49:
        -:   50:/************ COLORS_XOR ************/
    #####:   51:colors_t colors_xor (const colors_t colors1, const colors_t colors2) {
    #####:   52:  return colors1 ^ colors2;
        -:   53:}
        -:   54:
        -:   55:/************ COLORS_SUBTRACT ************/
184343919:   56:colors_t colors_subtract (const colors_t colors1, const colors_t colors2) {
184343919:   57:  return colors1 & ~colors2;
        -:   58:}
        -:   59:
        -:   60:/************ COLORS_IS_SUBSET ************/
3710303984*:   61:bool colors_is_subset (const colors_t colors1, const colors_t colors2) {
3710303984*:   62:  return (colors1 & colors2) == colors1;
        -:   63:}
        -:   64:
        -:   65:/************ COLORS_IS_SINGLETON ************/
1574577921:   66:bool colors_is_singleton (const colors_t colors) {
1182614276:   67:  return (colors & (colors - 1)) == 0 && colors != 0;
        -:   68:}
        -:   69:
        -:   70:/************ COLORS_COUNT ************/
8444233805:   71:size_t colors_count (const colors_t colors) {
        -:   72:  /* Create masks */
8444233805:   73:  colors_t B5 = (1ULL << 32) - 1;
8444233805:   74:  colors_t B4 = B5 ^ (B5 << 16);
8444233805:   75:  colors_t B3 = B4 ^ (B4 << 8);
8444233805:   76:  colors_t B2 = B3 ^ (B3 << 4);
8444233805:   77:  colors_t B1 = B2 ^ (B2 << 2);
8444233805:   78:  colors_t B0 = B1 ^ (B1 << 1);
        -:   79:
        -:   80:  /* Compute popcount */
8444233805:   81:  colors_t x = colors;
8444233805:   82:  x = ((x >> 1) & B0) + (x & B0);
8444233805:   83:  x = ((x >> 2) & B1) + (x & B1);
8444233805:   84:  x = ((x >> 4) + x) & B2;
8444233805:   85:  x = ((x >> 8) + x) & B3;
8444233805:   86:  x = ((x >> 16) + x) & B4;
8444233805:   87:  x = ((x >> 32) + x) & B5;
        -:   88:
8444233805:   89:  return x;
        -:   90:}
        -:   91:
        -:   92:/************ COLORS_RIGHTMOST ************/
    #####:   93:colors_t colors_rightmost (const colors_t colors) { return colors & -colors; }
        -:   94:
        -:   95:/************ COLORS_LEFTMOST ************/
    #####:   96:colors_t colors_leftmost (const colors_t colors) {
    #####:   97:  if (colors == 0) {
        -:   98:    return 0;
        -:   99:  }
        -:  100:
        -:  101:  colors_t tmp_colors = colors;
        -:  102:  size_t count = 0;
    #####:  103:  while ((tmp_colors >> 1) != 0) {
    #####:  104:    tmp_colors >>= 1;
    #####:  105:    count++;
        -:  106:  }
        -:  107:
    #####:  108:  return colors_set (count);
        -:  109:}
        -:  110:
        -:  111:/************ PRNG_INIT ************/
   122730:  112:void prng_init (void) {
        -:  113:  /* Initialization is done only once at first execution */
   122730:  114:  static bool seed_initialized = false;
   122730:  115:  if (!seed_initialized) {
        9:  116:    srand ((time (NULL) * getpid ()) % MAX_COLORS);
        9:  117:    seed_initialized = true;
        -:  118:  }
   122730:  119:}
        -:  120:
        -:  121:/************ COLORS_RANDOM ************/
   142244:  122:colors_t colors_random (const colors_t colors) {
   142244:  123:  if (colors == 0) {
        -:  124:    return 0;
        -:  125:  }
        -:  126:
    74529:  127:  prng_init ();
    74529:  128:  size_t random_index = rand () % colors_count (colors);
        -:  129:
    74529:  130:  colors_t tmp_colors = colors;
   140397:  131:  while (random_index > 0) {
    65868:  132:    tmp_colors &= (tmp_colors - 1);
    65868:  133:    random_index--;
        -:  134:  }
        -:  135:
    74529:  136:  return tmp_colors & -tmp_colors;
        -:  137:}
        -:  138:
        -:  139:/************ COLORS_IS_EQUAL ************/
 7663998*:  140:bool colors_is_equal (const colors_t colors1, const colors_t colors2) {
 7663998*:  141:  return colors1 == colors2;
        -:  142:}
        -:  143:
        -:  144:/************ SUBGRID_CONSISTENCY ************/
  7683458:  145:bool subgrid_consistency (colors_t *subgrid[], const size_t size) {
  7683458:  146:  colors_t all_colors = colors_empty ();
  7683458:  147:  colors_t all_singleton = 0;
        -:  148:
175020112:  149:  for (size_t i = 0; i < size; i++) {
167356114:  150:    if (*subgrid[i] == 0) {
        -:  151:      return false;
        -:  152:    }
        -:  153:
167349920:  154:    if (colors_is_singleton (*subgrid[i])) {
        -:  155:
139992207:  156:      if (colors_is_subset (*subgrid[i], all_singleton)) {
        -:  157:        return false;
        -:  158:      }
139978941:  159:      all_singleton = colors_or (all_singleton, *subgrid[i]);
        -:  160:    }
        -:  161:
167336654:  162:    all_colors = colors_or (all_colors, *subgrid[i]);
        -:  163:  }
        -:  164:
 14539088:  165:  return colors_is_equal (all_colors, colors_full (size));
        -:  166:}
        -:  167:
        -:  168:/************ HEURISTIC_CROSS_HATCHING ************/
 15785241:  169:static bool heuristics_cross_hatching (colors_t *subgrid[], size_t size) {
 15785241:  170:  colors_t all_singleton = colors_empty ();
        -:  171:
474624174:  172:  for (size_t i = 0; i < size; i++) {
841917820:  173:    if (colors_is_singleton (*subgrid[i])) {
382311881:  174:      all_singleton = colors_or (all_singleton, *subgrid[i]);
        -:  175:    }
        -:  176:  }
        -:  177:
        -:  178:  bool change = false;
474624174:  179:  for (size_t i = 0; i < size; i++) {
917677866:  180:    if (!colors_is_singleton (*subgrid[i]) &&
 76527052:  181:        colors_and (all_singleton, *subgrid[i])) {
  4557779:  182:      *subgrid[i] = colors_subtract (*subgrid[i], all_singleton);
  4557779:  183:      change = true;
        -:  184:    }
        -:  185:  }
        -:  186:
 15785241:  187:  return change;
        -:  188:}
        -:  189:
        -:  190:/************ HEURISTIC_LONE_NUMBER ************/
 15785241:  191:static bool heuristics_lone_number (colors_t *subgrid[], size_t size) {
 15785241:  192:  colors_t first_appearance = colors_empty ();
 15785241:  193:  colors_t second_appearance = colors_empty ();
 15785241:  194:  colors_t intersection;
        -:  195:
474624174:  196:  for (size_t i = 0; i < size; i++) {
458838933:  197:    intersection = colors_and (first_appearance, *subgrid[i]);
458838933:  198:    first_appearance = colors_or (first_appearance, *subgrid[i]);
458838933:  199:    second_appearance = colors_or (second_appearance, intersection);
        -:  200:  }
        -:  201:
 15785241:  202:  colors_t lone_number = colors_subtract (first_appearance, second_appearance);
 15785241:  203:  if (lone_number == 0) {
        -:  204:    return false;
        -:  205:  }
        -:  206:
        -:  207:  bool change = false;
        -:  208:
474489078:  209:  for (size_t i = 0; i < size; i++) {
458712171:  210:    intersection = colors_and (*subgrid[i], lone_number);
        -:  211:
458712171:  212:    if (!colors_is_equal (intersection, colors_empty ()) &&
380276178:  213:        !colors_is_equal (*subgrid[i], intersection)) {
  1054342:  214:      *subgrid[i] = intersection;
  1054342:  215:      change = true;
        -:  216:    }
        -:  217:  }
        -:  218:  return change;
        -:  219:}
        -:  220:
        -:  221:/************ SUBGRID_HEURISTIC_NAKED_SUBSET ************/
 15785241:  222:bool heuristics_naked_subset (colors_t *subgrid[], size_t size) {
        -:  223:
 15785241:  224:  bool change = false;
        -:  225:
474624174:  226:  for (size_t i = 0; i < size; i++) {
458838933:  227:    colors_t colors_present = colors_empty ();
        -:  228:
917677866:  229:    if (!colors_is_singleton (*subgrid[i]) &&
 73942497:  230:        !colors_is_equal (*subgrid[i], colors_full (size))) {
 73898942:  231:      colors_present = colors_add (colors_present, i);
        -:  232:
3644210719:  233:      for (size_t j = 0; j < size && colors_count (colors_present) <=
3571423900:  234:                                         colors_count (*subgrid[i]);
3570311777:  235:           j++) {
3570311777:  236:        if (colors_is_subset (*subgrid[j], *subgrid[i]))
206003442:  237:          colors_present = colors_add (colors_present, j);
        -:  238:      }
        -:  239:
 73898942:  240:      if (colors_count (colors_present) == colors_count (*subgrid[i])) {
184846411:  241:        for (size_t j = 0; j < size; j++) {
        -:  242:
357451426:  243:          if (!colors_is_in (colors_present, j)) {
163959239:  244:            colors_t tmp = *subgrid[j];
163959239:  245:            *subgrid[j] = colors_subtract (*subgrid[j], *subgrid[i]);
        -:  246:
163959239:  247:            if (tmp != *subgrid[j]) {
178725713:  248:              change = true;
        -:  249:            }
        -:  250:          }
        -:  251:        }
        -:  252:      }
        -:  253:    }
        -:  254:  }
 15785241:  255:  return change;
        -:  256:}
        -:  257:
        -:  258:/************ SUBGRID_HEURISTIC_HIDDEN_SUBSET ************/
 15445075:  259:static bool heuristics_hidden_subset (colors_t *subgrid[], size_t size) {
 15445075:  260:  bool change = false;
        -:  261:
459807786:  262:  for (size_t i = 0; i < size; i++) {
        -:  263:    /* Number due to empiric test */
        -:  264:    /*if (colors_count (*subgrid[i]) >= size/2) {
        -:  265:      continue;
        -:  266:    }*/
        -:  267:
444362711:  268:    colors_t **cell_to_change = malloc (size * sizeof (colors_t *));
444362711:  269:    size_t count = 0;
444362711:  270:    size_t max_intersection = 0;
444362711:  271:    size_t count_intersection;
        -:  272:
19439228842:  273:    for (size_t i_subgrid = 0; i_subgrid < size; i_subgrid++) {
18994866131:  274:      colors_t intersection = colors_and (*subgrid[i], *subgrid[i_subgrid]);
        -:  275:
18994866131:  276:      if (intersection != 0) {
1153306439:  277:        cell_to_change[count] = subgrid[i_subgrid];
1153306439:  278:        count++;
1153306439:  279:        count_intersection = colors_count (intersection);
1153306439:  280:        if (max_intersection < count_intersection) {
        -:  281:          max_intersection = count_intersection;
        -:  282:        }
        -:  283:      }
        -:  284:    }
        -:  285:
444362711:  286:    if (count == max_intersection) {
757529933:  287:      for (size_t j = 0; j < count; j++) {
382544235:  288:        colors_t new_color = colors_and (*cell_to_change[j], *subgrid[i]);
382544235:  289:        if (!colors_is_equal (*cell_to_change[j], new_color)) {
    99743:  290:          *cell_to_change[j] = new_color;
    99743:  291:          change = true;
        -:  292:        }
        -:  293:      }
        -:  294:    }
444362711:  295:    free (cell_to_change);
        -:  296:  }
        -:  297:
 15445075:  298:  return change;
        -:  299:}
        -:  300:
        -:  301:/************ SUBGRID_HEURISTICS ************/
 15785241:  302:bool subgrid_heuristics (colors_t *subgrid[], size_t size) {
 15785241:  303:  if (subgrid == NULL) {
        -:  304:    return false;
        -:  305:  }
        -:  306:
 15785241:  307:  bool change = false;
        -:  308:
 15785241:  309:  change = heuristics_cross_hatching (subgrid, size) || change;
        -:  310:
 15785241:  311:  change = heuristics_lone_number (subgrid, size) || change;
        -:  312:
 15785241:  313:  bool change2 = heuristics_naked_subset (subgrid, size);
 15785241:  314:  change = change || change2;
        -:  315:
 15785241:  316:  if (!change2) {
 17146800:  317:    change = heuristics_hidden_subset (subgrid, size) || change;
        -:  318:  }
        -:  319:
        -:  320:  return change;
        -:  321:}
