        -:    0:Source:colors.c
        -:    0:Graph:colors.gcno
        -:    0:Data:colors.gcda
        -:    0:Runs:42
        -:    1:#include "colors.h"
        -:    2:
        -:    3:#include <stdio.h>
        -:    4:#include <unistd.h>
        -:    5:
        -:    6:#include <math.h>
        -:    7:#include <time.h>
        -:    8:
        -:    9:/************ COLORS_FULL ************/
   941787:   10:colors_t colors_full (const size_t size) {
   941787:   11:  return (size >= MAX_COLORS) ? -1ULL : (1ULL << size) - 1;
        -:   12:}
        -:   13:
        -:   14:/************ COLORS_EMPTY ************/
    #####:   15:colors_t colors_empty (void) { return 0; }
        -:   16:
        -:   17:/************ COLORS_SET ************/
 3527031*:   18:colors_t colors_set (const size_t color_id) {
 3527031*:   19:  return (color_id >= MAX_COLORS) ? 0 : (1ULL << color_id);
        -:   20:}
        -:   21:
        -:   22:/************ COLORS_ADD ************/
 2049847*:   23:colors_t colors_add (const colors_t colors, const size_t color_id) {
    #####:   24:  return colors | colors_set (color_id);
        -:   25:}
        -:   26:
        -:   27:/************ COLORS_DISCARD ************/
    #####:   28:colors_t colors_discard (const colors_t colors, const size_t color_id) {
    #####:   29:  return (colors & ~colors_set (color_id));
        -:   30:}
        -:   31:
        -:   32:/************ COLORS_IS_IN ************/
  1476379:   33:bool colors_is_in (const colors_t colors, const size_t color_id) {
    25965:   34:  return ((colors & colors_set (color_id)) != 0);
        -:   35:}
        -:   36:
        -:   37:/************ COLORS_NEGATE ************/
    #####:   38:colors_t colors_negate (const colors_t colors) { return ~colors; }
        -:   39:
        -:   40:/************ COLORS_AND ************/
32455033*:   41:colors_t colors_and (const colors_t colors1, const colors_t colors2) {
32455033*:   42:  return colors1 & colors2;
        -:   43:}
        -:   44:
        -:   45:/************ COLORS_OR ************/
 7097309*:   46:colors_t colors_or (const colors_t colors1, const colors_t colors2) {
 7097309*:   47:  return colors1 | colors2;
        -:   48:}
        -:   49:
        -:   50:/************ COLORS_XOR ************/
    #####:   51:colors_t colors_xor (const colors_t colors1, const colors_t colors2) {
    #####:   52:  return colors1 ^ colors2;
        -:   53:}
        -:   54:
        -:   55:/************ COLORS_SUBTRACT ************/
  1452055:   56:colors_t colors_subtract (const colors_t colors1, const colors_t colors2) {
  1452055:   57:  return colors1 & ~colors2;
        -:   58:}
        -:   59:
        -:   60:/************ COLORS_IS_SUBSET ************/
 7666725*:   61:bool colors_is_subset (const colors_t colors1, const colors_t colors2) {
 7666725*:   62:  return (colors1 & colors2) == colors1;
        -:   63:}
        -:   64:
        -:   65:/************ COLORS_IS_SINGLETON ************/
  9937047:   66:bool colors_is_singleton (const colors_t colors) {
  6016436:   67:  return (colors & (colors - 1)) == 0 && colors != 0;
        -:   68:}
        -:   69:
        -:   70:/************ COLORS_COUNT ************/
 20365365:   71:size_t colors_count (const colors_t colors) {
        -:   72:  /* Create masks */
 20365365:   73:  colors_t B5 = (1ULL << 32) - 1;
 20365365:   74:  colors_t B4 = B5 ^ (B5 << 16);
 20365365:   75:  colors_t B3 = B4 ^ (B4 << 8);
 20365365:   76:  colors_t B2 = B3 ^ (B3 << 4);
 20365365:   77:  colors_t B1 = B2 ^ (B2 << 2);
 20365365:   78:  colors_t B0 = B1 ^ (B1 << 1);
        -:   79:
        -:   80:  /* Compute popcount */
 20365365:   81:  colors_t x = colors;
 20365365:   82:  x = ((x >> 1) & B0) + (x & B0);
 20365365:   83:  x = ((x >> 2) & B1) + (x & B1);
 20365365:   84:  x = ((x >> 4) + x) & B2;
 20365365:   85:  x = ((x >> 8) + x) & B3;
 20365365:   86:  x = ((x >> 16) + x) & B4;
 20365365:   87:  x = ((x >> 32) + x) & B5;
        -:   88:
 20365365:   89:  return x;
        -:   90:}
        -:   91:
        -:   92:/************ COLORS_RIGHTMOST ************/
    #####:   93:colors_t colors_rightmost (const colors_t colors) { return colors & -colors; }
        -:   94:
        -:   95:/************ COLORS_LEFTMOST ************/
    #####:   96:colors_t colors_leftmost (const colors_t colors) {
    #####:   97:  if (colors == 0) {
        -:   98:    return 0;
        -:   99:  }
        -:  100:
        -:  101:  colors_t tmp_colors = colors;
        -:  102:  size_t count = 0;
    #####:  103:  while ((tmp_colors >> 1) != 0) {
    #####:  104:    tmp_colors >>= 1;
    #####:  105:    count++;
        -:  106:  }
        -:  107:
    #####:  108:  return colors_set (count);
        -:  109:}
        -:  110:
        -:  111:/************ PRNG_INIT ************/
     6875:  112:void prng_init (void) {
        -:  113:  /* Initialization is done only once at first execution */
     6875:  114:  static bool seed_initialized = false;
     6875:  115:  if (!seed_initialized) {
       35:  116:    srand ((time (NULL) * getpid ()) % MAX_COLORS);
       35:  117:    seed_initialized = true;
        -:  118:  }
     6875:  119:}
        -:  120:
        -:  121:/************ COLORS_RANDOM ************/
     4530:  122:colors_t colors_random (const colors_t colors) {
     4530:  123:  if (colors == 0) {
        -:  124:    return 0;
        -:  125:  }
        -:  126:
     3485:  127:  prng_init ();
     3485:  128:  size_t random_index = rand () % colors_count (colors);
        -:  129:
     3485:  130:  colors_t tmp_colors = colors;
     5790:  131:  while (random_index > 0) {
     2305:  132:    tmp_colors &= (tmp_colors - 1);
     2305:  133:    random_index--;
        -:  134:  }
        -:  135:
     3485:  136:  return tmp_colors & -tmp_colors;
        -:  137:}
        -:  138:
        -:  139:/************ COLORS_IS_EQUAL ************/
  169923*:  140:bool colors_is_equal (const colors_t colors1, const colors_t colors2) {
  169923*:  141:  return colors1 == colors2;
        -:  142:}
        -:  143:
        -:  144:/************ SUBGRID_CONSISTENCY ************/
   173377:  145:bool subgrid_consistency (colors_t *subgrid[], const size_t size) {
   173377:  146:  colors_t all_colors = colors_empty ();
   173377:  147:  colors_t all_singleton = 0;
        -:  148:
  1709013:  149:  for (size_t i = 0; i < size; i++) {
  1539090:  150:    if (*subgrid[i] == 0) {
        -:  151:      return false;
        -:  152:    }
        -:  153:
  1538019:  154:    if (colors_is_singleton (*subgrid[i])) {
        -:  155:
   907574:  156:      if (colors_is_subset (*subgrid[i], all_singleton)) {
        -:  157:        return false;
        -:  158:      }
   905191:  159:      all_singleton = colors_or (all_singleton, *subgrid[i]);
        -:  160:    }
        -:  161:
  1535636:  162:    all_colors = colors_or (all_colors, *subgrid[i]);
        -:  163:  }
        -:  164:
   339846:  165:  return colors_is_equal (all_colors, colors_full (size));
        -:  166:}
        -:  167:
        -:  168:/************ HEURISTIC_CROSS_HATCHING ************/
   306045:  169:static bool heuristics_cross_hatching (colors_t *subgrid[], size_t size) {
   306045:  170:  colors_t all_singleton = colors_empty ();
        -:  171:
  3046230:  172:  for (size_t i = 0; i < size; i++) {
  4666401:  173:    if (colors_is_singleton (*subgrid[i])) {
  1916297:  174:      all_singleton = colors_or (all_singleton, *subgrid[i]);
        -:  175:    }
        -:  176:  }
        -:  177:
        -:  178:  bool change = false;
  3046230:  179:  for (size_t i = 0; i < size; i++) {
  5480370:  180:    if (!colors_is_singleton (*subgrid[i]) &&
   823888:  181:        colors_and (all_singleton, *subgrid[i])) {
    85489:  182:      *subgrid[i] = colors_subtract (*subgrid[i], all_singleton);
    85489:  183:      change = true;
        -:  184:    }
        -:  185:  }
        -:  186:
   306045:  187:  return change;
        -:  188:}
        -:  189:
        -:  190:/************ HEURISTIC_LONE_NUMBER ************/
   306045:  191:static bool heuristics_lone_number (colors_t *subgrid[], size_t size) {
   306045:  192:  colors_t first_appearance = colors_empty ();
   306045:  193:  colors_t second_appearance = colors_empty ();
   306045:  194:  colors_t intersection;
        -:  195:
  3046230:  196:  for (size_t i = 0; i < size; i++) {
  2740185:  197:    intersection = colors_and (first_appearance, *subgrid[i]);
  2740185:  198:    first_appearance = colors_or (first_appearance, *subgrid[i]);
  2740185:  199:    second_appearance = colors_or (second_appearance, intersection);
        -:  200:  }
        -:  201:
   306045:  202:  colors_t lone_number = colors_subtract (first_appearance, second_appearance);
   306045:  203:  if (lone_number == 0) {
        -:  204:    return false;
        -:  205:  }
        -:  206:
        -:  207:  bool change = false;
        -:  208:
  3028490:  209:  for (size_t i = 0; i < size; i++) {
  2724564:  210:    intersection = colors_and (*subgrid[i], lone_number);
        -:  211:
  2724564:  212:    if (!colors_is_equal (intersection, colors_empty ()) &&
  1918296:  213:        !colors_is_equal (*subgrid[i], intersection)) {
    22652:  214:      *subgrid[i] = intersection;
    22652:  215:      change = true;
        -:  216:    }
        -:  217:  }
        -:  218:  return change;
        -:  219:}
        -:  220:
        -:  221:/************ SUBGRID_HEURISTIC_NAKED_SUBSET ************/
   306045:  222:bool heuristics_naked_subset (colors_t *subgrid[], size_t size) {
        -:  223:
   306045:  224:  bool change = false;
        -:  225:
  3046230:  226:  for (size_t i = 0; i < size; i++) {
  2740185:  227:    colors_t colors_present = colors_empty ();
        -:  228:
  5480370:  229:    if (!colors_is_singleton (*subgrid[i]) &&
   766004:  230:        !colors_is_equal (*subgrid[i], colors_full (size))) {
   764684:  231:      colors_present = colors_add (colors_present, i);
        -:  232:
  7523835:  233:      for (size_t j = 0; j < size && colors_count (colors_present) <=
  6772516:  234:                                         colors_count (*subgrid[i]);
  6759151:  235:           j++) {
  6759151:  236:        if (colors_is_subset (*subgrid[j], *subgrid[i]))
  2570326:  237:          colors_present = colors_add (colors_present, j);
        -:  238:      }
        -:  239:
   764684:  240:      if (colors_count (colors_present) == colors_count (*subgrid[i])) {
  1612705:  241:        for (size_t j = 0; j < size; j++) {
        -:  242:
  2900828:  243:          if (!colors_is_in (colors_present, j)) {
  1057974:  244:            colors_t tmp = *subgrid[j];
  1057974:  245:            *subgrid[j] = colors_subtract (*subgrid[j], *subgrid[i]);
        -:  246:
  1057974:  247:            if (tmp != *subgrid[j]) {
  1450414:  248:              change = true;
        -:  249:            }
        -:  250:          }
        -:  251:        }
        -:  252:      }
        -:  253:    }
        -:  254:  }
   306045:  255:  return change;
        -:  256:}
        -:  257:
        -:  258:/************ SUBGRID_HEURISTIC_HIDDEN_SUBSET ************/
   297679:  259:static bool heuristics_hidden_subset (colors_t *subgrid[], size_t size) {
   297679:  260:  bool change = false;
        -:  261:
  2962620:  262:  for (size_t i = 0; i < size; i++) {
        -:  263:    /* Number due to empiric test */
        -:  264:    /*if (colors_count (*subgrid[i]) >= size/2) {
        -:  265:      continue;
        -:  266:    }*/
        -:  267:
  2664941:  268:    colors_t **cell_to_change = malloc (size * sizeof (colors_t *));
  2664941:  269:    size_t count = 0;
  2664941:  270:    size_t max_intersection = 0;
  2664941:  271:    size_t count_intersection;
        -:  272:
 26595250:  273:    for (size_t i_subgrid = 0; i_subgrid < size; i_subgrid++) {
 23930309:  274:      colors_t intersection = colors_and (*subgrid[i], *subgrid[i_subgrid]);
        -:  275:
 23930309:  276:      if (intersection != 0) {
  5281633:  277:        cell_to_change[count] = subgrid[i_subgrid];
  5281633:  278:        count++;
  5281633:  279:        count_intersection = colors_count (intersection);
  5281633:  280:        if (max_intersection < count_intersection) {
        -:  281:          max_intersection = count_intersection;
        -:  282:        }
        -:  283:      }
        -:  284:    }
        -:  285:
  2664941:  286:    if (count == max_intersection) {
  4271835:  287:      for (size_t j = 0; j < count; j++) {
  2236087:  288:        colors_t new_color = colors_and (*cell_to_change[j], *subgrid[i]);
  2236087:  289:        if (!colors_is_equal (*cell_to_change[j], new_color)) {
     1690:  290:          *cell_to_change[j] = new_color;
     1690:  291:          change = true;
        -:  292:        }
        -:  293:      }
        -:  294:    }
  2664941:  295:    free (cell_to_change);
        -:  296:  }
        -:  297:
   297679:  298:  return change;
        -:  299:}
        -:  300:
        -:  301:/************ SUBGRID_HEURISTICS ************/
   306045:  302:bool subgrid_heuristics (colors_t *subgrid[], size_t size) {
   306045:  303:  if (subgrid == NULL) {
        -:  304:    return false;
        -:  305:  }
        -:  306:
   306045:  307:  bool change = false;
        -:  308:
   306045:  309:  change = heuristics_cross_hatching (subgrid, size) || change;
        -:  310:
   306045:  311:  change = heuristics_lone_number (subgrid, size) || change;
        -:  312:
   306045:  313:  bool change2 = heuristics_naked_subset (subgrid, size);
   306045:  314:  change = change || change2;
        -:  315:
   306045:  316:  if (!change2) {
   348062:  317:    change = heuristics_hidden_subset (subgrid, size) || change;
        -:  318:  }
        -:  319:
        -:  320:  return change;
        -:  321:}
